<?xml version="1.0" encoding="UTF-8"?>
<!-- Generated by org.testng.reporters.JUnitReportReporter -->
<testsuite skipped="2" hostname="IDLCAI407202" name="com.icrm.qa.testcases.HomePageTest" tests="4" failures="0" timestamp="28 Sep 2019 20:52:58 GMT" time="0.026" errors="0">
  <testcase name="test2" time="0.011" classname="com.icrm.qa.testcases.HomePageTest"/>
  <testcase name="test1" time="0.015" classname="com.icrm.qa.testcases.HomePageTest"/>
  <testcase name="Level1" classname="com.icrm.qa.testcases.HomePageTest">
    <skipped/>
  </testcase> <!-- Level1 -->
  <testcase name="Level2" classname="com.icrm.qa.testcases.HomePageTest">
    <skipped/>
  </testcase> <!-- Level2 -->
</testsuite> <!-- com.icrm.qa.testcases.HomePageTest -->
