<?xml version="1.0" encoding="UTF-8"?>
<!-- Generated by org.testng.reporters.JUnitReportReporter -->
<testsuite skipped="0" hostname="IDLCAI407202" name="com.icrm.qa.testcases.Level1" tests="3" failures="0" timestamp="25 Oct 2019 11:34:50 GMT" time="136.401" errors="0">
  <testcase name="DoLevel1" time="60.389" classname="com.icrm.qa.testcases.Level1"/>
  <testcase name="DoLevel1" time="41.977" classname="com.icrm.qa.testcases.Level1"/>
  <testcase name="DoLevel1" time="34.035" classname="com.icrm.qa.testcases.Level1"/>
</testsuite> <!-- com.icrm.qa.testcases.Level1 -->
