<?xml version="1.0" encoding="UTF-8"?>
<!-- Generated by org.testng.reporters.JUnitReportReporter -->
<testsuite skipped="0" hostname="IDLCAI407202" name="com.icrm.qa.testcases.Level1" tests="4" failures="0" timestamp="17 Oct 2019 11:10:49 GMT" time="159.336" errors="0">
  <testcase name="DoLevel1" time="33.807" classname="com.icrm.qa.testcases.Level1"/>
  <testcase name="DoLevel1" time="60.929" classname="com.icrm.qa.testcases.Level1"/>
  <testcase name="DoLevel1" time="31.783" classname="com.icrm.qa.testcases.Level1"/>
  <testcase name="DoLevel1" time="32.817" classname="com.icrm.qa.testcases.Level1"/>
</testsuite> <!-- com.icrm.qa.testcases.Level1 -->
